15:05:51 **** Build of configuration Debug for project TIMER ****
make all 
Building file: ../main.c
Invoking: AVR Compiler
avr-gcc -Wall -g2 -gstabs -O0 -fpack-struct -fshort-enums -ffunction-sections -fdata-sections -std=gnu99 -funsigned-char -funsigned-bitfields -mmcu=atmega32 -DF_CPU=1000000UL -MMD -MP -MF"main.d" -MT"main.o" -c -o "main.o" "../main.c"
Finished building: ../main.c
 
Building target: TIMER.elf
Invoking: AVR C Linker
avr-gcc -Wl,-Map,TIMER.map -mmcu=atmega32 -o "TIMER.elf"  ./GIE/GIE_prog.o  ./EXTI/EXTI_Cnfg.o ./EXTI/EXTI_prog.o  ./DIO/DIO_prog.o  ./TIMER_Cnfg.o ./TIMER_Prog.o ./main.o   
Finished building target: TIMER.elf
 
Invoking: AVR Create Extended Listing
avr-objdump -h -S TIMER.elf  >"TIMER.lss"
Finished building: TIMER.lss
 
Create Flash image (ihex format)
avr-objcopy -R .eeprom -R .fuse -R .lock -R .signature -O ihex TIMER.elf  "TIMER.hex"
Finished building: TIMER.hex
 
Invoking: Print Size
avr-size --format=avr --mcu=atmega32 TIMER.elf
AVR Memory Usage
----------------
Device: atmega32

Program:   12318 bytes (37.6% Full)
(.text + .data + .bootloader)

Data:        338 bytes (16.5% Full)
(.data + .bss + .noinit)


Finished building: sizedummy
 

15:05:53 Build Finished (took 1s.453ms)

