09:23:29 **** Incremental Build of configuration Debug for project USART ****
make all 
Building file: ../APP/main.c
Invoking: AVR Compiler
avr-gcc -Wall -g2 -gstabs -O0 -fpack-struct -fshort-enums -ffunction-sections -fdata-sections -std=gnu99 -funsigned-char -funsigned-bitfields -mmcu=atmega32 -DF_CPU=1000000UL -MMD -MP -MF"APP/main.d" -MT"APP/main.o" -c -o "APP/main.o" "../APP/main.c"
Finished building: ../APP/main.c
 
Building target: USART.elf
Invoking: AVR C Linker
avr-gcc -Wl,-Map,USART.map -mmcu=atmega32 -o "USART.elf"  ./MCAL/USART/USART_Cnfg.o ./MCAL/USART/USART_Priv.o ./MCAL/USART/USART_Prog.o  ./MCAL/GIE/GIE_prog.o  ./MCAL/EXTI/EXTI_Cnfg.o ./MCAL/EXTI/EXTI_prog.o  ./MCAL/DIO/DIO_prog.o  ./APP/main.o   
Finished building target: USART.elf
 
Invoking: AVR Create Extended Listing
avr-objdump -h -S USART.elf  >"USART.lss"
Finished building: USART.lss
 
Create Flash image (ihex format)
avr-objcopy -R .eeprom -R .fuse -R .lock -R .signature -O ihex USART.elf  "USART.hex"
Finished building: USART.hex
 
Invoking: Print Size
avr-size --format=avr --mcu=atmega32 USART.elf
AVR Memory Usage
----------------
Device: atmega32

Program:   10048 bytes (30.7% Full)
(.text + .data + .bootloader)

Data:        294 bytes (14.4% Full)
(.data + .bss + .noinit)


Finished building: sizedummy
 

09:23:30 Build Finished (took 1s.496ms)

